<?xml version="1.0" encoding="UTF-8" ?>
<testsuites errors="3"
            failures="1"
            tests="3">

  <testsuite name="FirstTest"
    errors="3" failures="1" hostname="" id="" package="FirstTest" skipped="0"
    tests="3" time="64.34" timestamp="">
  
    <testcase name="Successful login" classname="FirstTest" time="32.92" assertions="3">

    

    

    
    </testcase>
  
    <testcase name="Unscusseful login" classname="FirstTest" time="13.21" assertions="4">

    

    

    

    
    </testcase>
  
    <testcase name="Account Registeration" classname="FirstTest" time="18.21" assertions="3">

    

      <failure message="Testing if element &lt;//h1[@class=&#39;page-heading&#39;]&gt; contains text &#39;CREATE AN ACCOUNT&#39; in 5000ms - expected &#34;contains text &#39;CREATE AN ACCOUNT&#39;&#34; but got: &#34;element could not be located&#34; (5143ms)">    at Object.Account Registeration (C:\Users\Admin\Desktop\Automation_test\Test1\test\FirstTest.js:31:21)</failure>

    
    <error message="Error while running &#34;containsText&#34; command: Testing if element [0;33m&lt;//h1[@class=&#39;page-heading&#39;]&gt;[0m contains text [0;33m&#39;CREATE AN ACCOUNT&#39;[0m in 5000ms - expected [0;32m&#34;contains text &#39;CREATE AN ACCOUNT&#39;&#34;[0m but got: [0;31m&#34;element could not be located&#34;[0m [0;90m(5143ms)[0m" type="error"><![CDATA[
        at Object.Account Registeration (C:\Users\Admin\Desktop\Automation_test\Test1\test\FirstTest.js:31:21)
    ]]></error>
    
    </testcase>
  

  
    <system-err>
        NoSuchElementError: An error occurred while running .setValue() command on &lt;//input[@id=&#39;email_create&#39;]&gt;: 
   {&#34;sessionId&#34;:&#34;da2f8ae6ca8b64d70e433f3658bbaa0a&#34;,&#34;status&#34;:0,&#34;value&#34;:[]}
       at processTicksAndRejections (internal/process/task_queues.js:93:5)
  NoSuchElementError: An error occurred while running .click() command on &lt;//button[@id=&#39;SubmitCreate&#39;]&gt;: 
   {&#34;sessionId&#34;:&#34;da2f8ae6ca8b64d70e433f3658bbaa0a&#34;,&#34;status&#34;:0,&#34;value&#34;:[]}
       at processTicksAndRejections (internal/process/task_queues.js:93:5)
  NoSuchElementError: An error occurred while running .getText() command on &lt;//h1[@class=&#39;page-heading&#39;]&gt;: 
   {&#34;sessionId&#34;:&#34;da2f8ae6ca8b64d70e433f3658bbaa0a&#34;,&#34;status&#34;:0,&#34;value&#34;:[]}
       at processTicksAndRejections (internal/process/task_queues.js:93:5)
    </system-err>
  

    

  
  </testsuite>
</testsuites>
